<?xml version="1.0" encoding="UTF-8"?>
<!-- Generated by org.testng.reporters.JUnitReportReporter -->
<testsuite hostname="yashpurohit98" failures="0" tests="1" name="TestRunner.RunnerTest" time="8.925" errors="0" timestamp="2025-08-16T17:34:00 IST" skipped="0">
  <testcase classname="TestRunner.RunnerTest" name="runScenario" time="8.925"/>
  <system-out/>
</testsuite> <!-- TestRunner.RunnerTest -->
